[17:56:49] [tunneld] Libération préventive du tunnel (stopagent)...
[17:56:50] [tunneld] Commande finale : ios tunnel start --userspace
[17:56:50] [tunneld] Arret du processus...
[17:56:50] [tunneld] spawn: ios tunnel start --userspace
[17:56:50] [tunneld-daemon] Lancement du demon global...
[17:56:50] [tunneld-daemon] spawn: python3 -m pymobiledevice3 remote tunneld --no-usbmux
[17:56:50] [tunneld-daemon] Priorite fixee a -5
[17:56:50] [tunneld] Usage:
  ios activate [options]
  ios listen [options]
  ios list [options] [--details]
  ios info [display | lockdown] [options]
  ios image list [options]
  ios image mount [--path=<imagepath>] [options]
  ios image auto [--basedir=<where_dev_images_are_stored>] [options]
  ios syslog [options]
  ios screenshot [options] [--output=<outfile>] [--stream] [--port=<port>]
  ios instruments notifications [options]
  ios crash ls [<pattern>] [options]
  ios crash cp <srcpattern> <target> [options]
  ios crash rm <cwd> <pattern> [options]
  ios devicename [options]
  ios date [options]
  ios timeformat (24h | 12h | toggle | get) [--force] [options]
  ios devicestate list [options]
  ios devicestate enable <profileTypeId> <profileId> [options]
  ios erase [--force] [options]
  ios lang [--setlocale=<locale>] [--setlang=<newlang>] [options]
  ios mobilegestalt <key>... [--plist] [options]
  ios diagnostics list [options]
  ios profile list [options]
  ios prepare [--skip-all] [--skip=<option>]... [--certfile=<cert_file_path>] [--orgname=<org_name>] [--locale] [--lang] [options]
  ios prepare create-cert
  ios prepare printskip
  ios profile remove <profileName> [options]
  ios profile add <profileFile> [--p12file=<orgid>] [--password=<p12password>] [options]
  ios httpproxy <host> <port> [<user>] [<pass>] --p12file=<orgid> --password=<p12password> [options]
  ios httpproxy remove [options]
  ios pair [--p12file=<orgid>] [--password=<p12password>] [options]
  ios ps [--apps] [options]
  ios ip [options]
  ios forward [options] <hostPort> <targetPort>
  ios dproxy [--binary] [--mode=<all(default)|usbmuxd|utun>] [--iface=<iface>] [options]
  ios readpair [options]
  ios pcap [options] [--pid=<processID>] [--process=<processName>]
  ios install --path=<ipaOrAppFolder> [options]
  ios uninstall <bundleID> [options]
  ios apps [--system] [--all] [--list] [--filesharing] [options]
  ios launch <bundleID> [--wait] [options]
  ios kill (<bundleID> | --pid=<processID> | --process=<processName>) [options]
  ios runtest [--bundle-id=<bundleid>] [--test-runner-bundle-id=<testrunnerbundleid>] [--xctest-config=<xctestconfig>] [--log-output=<file>] [--test-to-run=<tests>]... [--test-to-skip=<tests>]... [--env=<e>]... [options]
  ios runwda [--bundleid=<bundleid>] [--testrunnerbundleid=<testbundleid>] [--xctestconfig=<xctestconfig>] [--arg=<a>]... [--env=<e>]... [options]
  ios ax [--font=<fontSize>] [options]
  ios debug [options] [--stop-at-entry] <app_path>
  ios fsync (rm [--r] | tree | mkdir) --path=<targetPath>
  ios fsync (pull | push) --srcPath=<srcPath> --dstPath=<dstPath>
  ios reboot [options]
  ios -h | --help
  ios --version | version [options]
  ios setlocation [options] [--lat=<lat>] [--lon=<lon>]
  ios setlocationgpx [options] [--gpxfilepath=<gpxfilepath>]
  ios resetlocation [options]
  ios assistivetouch (enable | disable | toggle | get) [--force] [options]
  ios voiceover (enable | disable | toggle | get) [--force] [options]
  ios zoomtouch (enable | disable | toggle | get) [--force] [options]
  ios diskspace [options]
  ios batterycheck [options]
  ios tunnel start [options] [--pair-record-path=<pairrecordpath>]
  ios tunnel ls [options]
  ios devmode (enable | get) [--enable-post-restart] [options]
[17:56:50] [tunneld] processus arrete (code: 1, signal: null)
