[19:50:48] [INFO] -------------------------------------------
[19:50:48] [INFO]    GPS MOCK SERVER - MODE HEADLESS (DOCKER)  
[19:50:48] [INFO] -------------------------------------------
[19:50:48] [INFO] [server] Initialisation des services...
[19:50:48] [INFO] [server] Démarrage du companion-server...
[19:50:48] [INFO] [server] Dashboard servi depuis : /app/server/dist-web
[19:50:48] [INFO] [server] Initialisation du simulateur GPS...
[19:50:48] [INFO] [server] Lancement des services tunneld...
[19:50:48] [INFO] [orchestrator] Démarrage du driver unique : go-ios
[19:50:48] [INFO] [go-ios] 🚀 Lancement : ios tunnel start
[19:50:48] [INFO] [server] ✅ Serveur prêt et accessible sur le port 8080
[19:50:48] [INFO] [companion-server] Serveur (Socket.io) demarre sur 172.19.0.2:8080
[19:50:48] [INFO] [STATUS][companion] info: Prêt sur 172.19.0.2:8080
[19:50:49] [INFO] [STATUS][tunneld] scanning: Recherche iPhone (go-ios)...
[19:50:49] [INFO] [go-ios] stderr: {"level":"warning","msg":"go-ios agent is not running. You might need to start it with 'ios tunnel start' for ios17+. Use ENABLE_GO_IOS_AGENT=user for userspace tunnel or ENABLE_GO_IOS_AGENT=kernel for kernel tunnel for the experimental daemon mode.","time":"2026-04-28T19:50:49Z"}
[19:50:49] [INFO] [go-ios] stderr: {"level":"info","msg":"no udid specified using first device in list","time":"2026-04-28T19:50:49Z","udid":"00008140-000958341A38801C"}
[19:50:49] [INFO] [go-ios] stderr: {"level":"info","msg":"Tunnel server started","time":"2026-04-28T19:50:49Z"}
[19:50:50] [INFO] [go-ios] stderr: {"level":"info","msg":"start tunnel","time":"2026-04-28T19:50:50Z","udid":"00008140-000958341A38801C"}
[19:50:51] [INFO] [go-ios] stderr: {"level":"info","msg":"connect to lockdown tunnel endpoint on device","time":"2026-04-28T19:50:51Z"}
[19:51:54] [INFO] [api] IPC Action: get-settings | Data: {}
[19:51:54] [INFO] [api] IPC Action: get-status | Data: {}
[19:52:22] [INFO] [api] IPC Action: set-location | Data: {"lat":35.6768601,"lon":139.7638947,"name":"Tokyo"}
[19:52:55] [INFO] [api] IPC Action: get-settings | Data: {}
[19:52:55] [INFO] [api] IPC Action: get-companion-qr | Data: {}
[19:52:55] [INFO] [api] IPC Action: get-network-interfaces | Data: {}
[19:53:11] [INFO] [api] IPC Action: save-settings | Data: {"serverIp":"172.19.0.2"}
[19:53:11] [INFO] [orchestrator] Arrêt de tous les tunnels...
[19:53:11] [INFO] [pymobiledevice] Arrêt propre demandé...
[19:53:11] [INFO] [go-ios] Arrêt propre demandé...
[19:53:11] [INFO] [go-ios] Demande de fermeture gracieuse du tunnel...
[19:53:11] [INFO] [api] IPC Action: get-status | Data: {}
[19:53:11] [INFO] [go-ios] Tunnel fermé proprement (Code null).
[19:53:11] [INFO] [api] IPC Action: get-companion-qr | Data: {}
[19:53:12] [INFO] [orchestrator] Démarrage du driver unique : go-ios
[19:53:12] [INFO] [go-ios] 🚀 Lancement : ios tunnel start
[19:53:12] [INFO] [STATUS][tunneld] scanning: Recherche iPhone (go-ios)...
[19:53:12] [INFO] [go-ios] stderr: {"level":"warning","msg":"go-ios agent is not running. You might need to start it with 'ios tunnel start' for ios17+. Use ENABLE_GO_IOS_AGENT=user for userspace tunnel or ENABLE_GO_IOS_AGENT=kernel for kernel tunnel for the experimental daemon mode.","time":"2026-04-28T19:53:12Z"}
[19:53:12] [INFO] [go-ios] stderr: {"level":"info","msg":"no udid specified using first device in list","time":"2026-04-28T19:53:12Z","udid":"00008140-000958341A38801C"}
[19:53:12] [INFO] [go-ios] stderr: {"level":"info","msg":"Tunnel server started","time":"2026-04-28T19:53:12Z"}
[19:53:13] [INFO] [go-ios] stderr: {"level":"info","msg":"start tunnel","time":"2026-04-28T19:53:13Z","udid":"00008140-000958341A38801C"}
[19:53:14] [INFO] [go-ios] stderr: {"level":"info","msg":"connect to lockdown tunnel endpoint on device","time":"2026-04-28T19:53:14Z"}
[19:53:20] [INFO] [api] IPC Action: set-location | Data: {"lat":35.6768601,"lon":139.7638947,"name":"Tokyo"}
[19:53:35] [INFO] [api] IPC Action: set-location | Data: {"lat":35.6768601,"lon":139.7638947,"name":"Tokyo"}
[19:53:46] [INFO] [api] IPC Action: get-settings | Data: {}
[19:53:46] [INFO] [api] IPC Action: get-network-interfaces | Data: {}
[19:53:46] [INFO] [api] IPC Action: list-plists | Data: {}
[19:54:06] [INFO] [api] IPC Action: save-settings | Data: {"wifiIp":"","wifiPort":"","companionPort":8080,"connectionMode":"both","operationMode":"hybrid","isEveilMode":true,"preferredDriver":"pymobiledevice","fallbackEnabled":false,"serverIp":"172.19.0.2","preferredIp":"","favorites":[{"lat":35.6768601,"lon":139.7638947,"name":"Tokyo"}],"recentHistory":[{"lat":35.6586784,"lon":139.6997166,"name":"渋谷エクセルホテル東急"},{"lat":35.739411,"lon":139.7666734,"name":"NTTコミュニケーションズ 東京第6データセンター"}],"clusterMode":"off","clusterNodes":[],"serverName":"","manualTunnelMode":false}
[19:54:06] [INFO] [orchestrator] Arrêt de tous les tunnels...
[19:54:06] [INFO] [pymobiledevice] Arrêt propre demandé...
[19:54:06] [INFO] [companion-server] Serveur (Socket.io) demarre sur 172.19.0.2:8080
[19:54:06] [INFO] [STATUS][companion] info: Prêt sur 172.19.0.2:8080
[19:54:06] [INFO] [go-ios] Arrêt propre demandé...
[19:54:06] [INFO] [go-ios] Demande de fermeture gracieuse du tunnel...
[19:54:06] [INFO] [api] IPC Action: get-status | Data: {}
[19:54:06] [INFO] [go-ios] Tunnel fermé proprement (Code null).
[19:54:07] [INFO] [orchestrator] Démarrage du driver unique : pymobiledevice
[19:54:07] [INFO] [pymobiledevice] Lancement du démon tunneld...
[19:54:07] [INFO] [pmd3-daemon] spawn: python3 -u -m pymobiledevice3 remote tunneld
[19:54:07] [INFO] [pmd3-daemon] Priorite fixee a -5
[19:54:07] [INFO] [STATUS][tunneld] scanning: Recherche iPhone (pymobiledevice)...
