[22:22:15] [INFO] [mdns] 🚀 Lancement du scan Avahi (avahi-browse) pour réveil iPhone...
[22:22:15] [INFO] [cluster] 👑 Mode off détecté : Auto-promotion MAÎTRE.
[22:22:15] [INFO] [headless] 🚀 Démarrage du serveur en mode HEADLESS (V2)
[22:22:15] [INFO] [target] 🌐 Démarrage de la cible HEADLESS
[22:22:15] [INFO] [pymobiledevice] Montage automatique de l'image DDI...
[22:22:18] [INFO] [binary] ⚠️ Aucune version de Python valide trouvée. Tentative avec l'alias par défaut.
[22:22:18] [INFO] [pymobiledevice] Lancement du daemon tunneld (Mode Reconnect)...
[22:22:18] [INFO] [pmd3-daemon] spawn: python3 -u -m pymobiledevice3 remote tunneld
[22:22:18] [INFO] [STATUS][tunneld] scanning: Recherche iPhone (pymobiledevice)...
[22:22:18] [INFO] [bridge] 🔗 Attachement des routes WebBridge à l'application existante
[22:22:18] [INFO] [target] ✅ Cible Headless prête
[22:22:18] [INFO] [headless] ✅ Serveur prêt et dashboard actif.
[22:22:18] [INFO] [companion-server] Serveur (Socket.io) demarre sur 192.168.65.3:8080
[22:22:18] [INFO] [STATUS][companion] info: Prêt sur 192.168.65.3:8080
[22:22:21] [INFO] [pmd3] 🎯 Tunnel détecté : [fd75:981f:767c::1]:61356
[22:22:21] [INFO] [orchestrator] 🎯 iPhone détecté via pymobiledevice (WiFi)
[22:22:21] [INFO] [gps-bridge] 🔌 Driver actif mis à jour : pymobiledevice
[22:22:21] [INFO] [STATUS][tunneld] ready: Connecté via WiFi (pymobiledevice)
[22:26:33] [INFO] [headless] 🛑 Signal SIGTERM reçu. Fermeture...
[22:26:37] [INFO] [mdns] 🚀 Lancement du scan Avahi (avahi-browse) pour réveil iPhone...
[22:26:37] [INFO] [cluster] 👑 Mode off détecté : Auto-promotion MAÎTRE.
[22:26:37] [INFO] [headless] 🚀 Démarrage du serveur en mode HEADLESS (V2)
[22:26:37] [INFO] [target] 🌐 Démarrage de la cible HEADLESS
[22:26:37] [INFO] [pymobiledevice] Montage automatique de l'image DDI...
[22:26:38] [INFO] [binary] ⚠️ Aucune version de Python valide trouvée. Tentative avec l'alias par défaut.
[22:26:38] [INFO] [pymobiledevice] Lancement du daemon tunneld (Mode Reconnect)...
[22:26:38] [INFO] [pmd3-daemon] spawn: python3 -u -m pymobiledevice3 remote tunneld
[22:26:38] [INFO] [STATUS][tunneld] scanning: Recherche iPhone (pymobiledevice)...
[22:26:38] [INFO] [bridge] 🔗 Attachement des routes WebBridge à l'application existante
[22:26:38] [INFO] [target] ✅ Cible Headless prête
[22:26:38] [INFO] [headless] ✅ Serveur prêt et dashboard actif.
[22:26:38] [INFO] [companion-server] Serveur (Socket.io) demarre sur 192.168.65.3:8080
[22:26:38] [INFO] [STATUS][companion] info: Prêt sur 192.168.65.3:8080
[22:26:41] [INFO] [pmd3] 🎯 Tunnel détecté : [fdbe:e57d:ded4::1]:61357
[22:26:41] [INFO] [orchestrator] 🎯 iPhone détecté via pymobiledevice (WiFi)
[22:26:41] [INFO] [gps-bridge] 🔌 Driver actif mis à jour : pymobiledevice
[22:26:41] [INFO] [STATUS][tunneld] ready: Connecté via WiFi (pymobiledevice)
[22:49:21] [INFO] [pmd3] 🚨 Échec Health Check (Timeout)
[22:49:26] [INFO] [pmd3] 🔌 Déconnexion détectée
[22:49:26] [INFO] [mdns] 🚀 Lancement du scan Avahi (avahi-browse) pour réveil iPhone...
[22:49:26] [INFO] [STATUS][tunneld] scanning: Recherche iPhone...
[22:49:28] [INFO] [mdns] 🚀 Lancement du scan Avahi (avahi-browse) pour réveil iPhone...
[22:49:28] [INFO] [STATUS][tunneld] scanning: Recherche iPhone (pymobiledevice)...
[22:49:38] [INFO] [mdns] 🚀 Lancement du scan Avahi (avahi-browse) pour réveil iPhone...
[22:49:38] [INFO] [STATUS][tunneld] scanning: Recherche iPhone (pymobiledevice)...
[22:49:48] [INFO] [mdns] 🚀 Lancement du scan Avahi (avahi-browse) pour réveil iPhone...
[22:49:48] [INFO] [STATUS][tunneld] scanning: Recherche iPhone (pymobiledevice)...
[22:49:58] [INFO] [mdns] 🚀 Lancement du scan Avahi (avahi-browse) pour réveil iPhone...
[22:49:58] [INFO] [STATUS][tunneld] scanning: Recherche iPhone (pymobiledevice)...
[22:50:08] [INFO] [mdns] 🚀 Lancement du scan Avahi (avahi-browse) pour réveil iPhone...
[22:50:08] [INFO] [STATUS][tunneld] scanning: Recherche iPhone (pymobiledevice)...
[22:50:18] [INFO] [mdns] 🚀 Lancement du scan Avahi (avahi-browse) pour réveil iPhone...
[22:50:18] [INFO] [STATUS][tunneld] scanning: Recherche iPhone (pymobiledevice)...
[22:50:28] [INFO] [mdns] 🚀 Lancement du scan Avahi (avahi-browse) pour réveil iPhone...
[22:50:28] [INFO] [STATUS][tunneld] scanning: Recherche iPhone (pymobiledevice)...
[22:50:38] [INFO] [mdns] 🚀 Lancement du scan Avahi (avahi-browse) pour réveil iPhone...
[22:50:38] [INFO] [STATUS][tunneld] scanning: Recherche iPhone (pymobiledevice)...
[22:50:48] [INFO] [mdns] 🚀 Lancement du scan Avahi (avahi-browse) pour réveil iPhone...
[22:50:48] [INFO] [STATUS][tunneld] scanning: Recherche iPhone (pymobiledevice)...
[22:50:58] [INFO] [mdns] 🚀 Lancement du scan Avahi (avahi-browse) pour réveil iPhone...
[22:50:58] [INFO] [STATUS][tunneld] scanning: Recherche iPhone (pymobiledevice)...
[22:51:08] [INFO] [mdns] 🚀 Lancement du scan Avahi (avahi-browse) pour réveil iPhone...
[22:51:08] [INFO] [STATUS][tunneld] scanning: Recherche iPhone (pymobiledevice)...
[22:51:18] [INFO] [mdns] 🚀 Lancement du scan Avahi (avahi-browse) pour réveil iPhone...
[22:51:18] [INFO] [STATUS][tunneld] scanning: Recherche iPhone (pymobiledevice)...
[22:51:28] [INFO] [mdns] 🚀 Lancement du scan Avahi (avahi-browse) pour réveil iPhone...
[22:51:28] [INFO] [STATUS][tunneld] scanning: Recherche iPhone (pymobiledevice)...
[22:51:38] [INFO] [mdns] 🚀 Lancement du scan Avahi (avahi-browse) pour réveil iPhone...
[22:51:38] [INFO] [STATUS][tunneld] scanning: Recherche iPhone (pymobiledevice)...
[22:51:48] [INFO] [mdns] 🚀 Lancement du scan Avahi (avahi-browse) pour réveil iPhone...
[22:51:48] [INFO] [STATUS][tunneld] scanning: Recherche iPhone (pymobiledevice)...
[22:51:58] [INFO] [mdns] 🚀 Lancement du scan Avahi (avahi-browse) pour réveil iPhone...
[22:51:58] [INFO] [STATUS][tunneld] scanning: Recherche iPhone (pymobiledevice)...
[22:52:08] [INFO] [mdns] 🚀 Lancement du scan Avahi (avahi-browse) pour réveil iPhone...
[22:52:08] [INFO] [STATUS][tunneld] scanning: Recherche iPhone (pymobiledevice)...
[22:52:18] [INFO] [mdns] 🚀 Lancement du scan Avahi (avahi-browse) pour réveil iPhone...
[22:52:18] [INFO] [STATUS][tunneld] scanning: Recherche iPhone (pymobiledevice)...
[22:52:28] [INFO] [mdns] 🚀 Lancement du scan Avahi (avahi-browse) pour réveil iPhone...
[22:52:28] [INFO] [STATUS][tunneld] scanning: Recherche iPhone (pymobiledevice)...
[22:52:38] [INFO] [mdns] 🚀 Lancement du scan Avahi (avahi-browse) pour réveil iPhone...
[22:52:38] [INFO] [STATUS][tunneld] scanning: Recherche iPhone (pymobiledevice)...
[22:52:48] [INFO] [mdns] 🚀 Lancement du scan Avahi (avahi-browse) pour réveil iPhone...
[22:52:48] [INFO] [STATUS][tunneld] scanning: Recherche iPhone (pymobiledevice)...
[22:52:58] [INFO] [mdns] 🚀 Lancement du scan Avahi (avahi-browse) pour réveil iPhone...
[22:52:58] [INFO] [STATUS][tunneld] scanning: Recherche iPhone (pymobiledevice)...
[22:53:08] [INFO] [mdns] 🚀 Lancement du scan Avahi (avahi-browse) pour réveil iPhone...
[22:53:08] [INFO] [STATUS][tunneld] scanning: Recherche iPhone (pymobiledevice)...
[22:53:18] [INFO] [mdns] 🚀 Lancement du scan Avahi (avahi-browse) pour réveil iPhone...
[22:53:18] [INFO] [STATUS][tunneld] scanning: Recherche iPhone (pymobiledevice)...
[22:53:28] [INFO] [mdns] 🚀 Lancement du scan Avahi (avahi-browse) pour réveil iPhone...
[22:53:28] [INFO] [STATUS][tunneld] scanning: Recherche iPhone (pymobiledevice)...
[22:53:38] [INFO] [mdns] 🚀 Lancement du scan Avahi (avahi-browse) pour réveil iPhone...
[22:53:38] [INFO] [STATUS][tunneld] scanning: Recherche iPhone (pymobiledevice)...
[22:53:48] [INFO] [mdns] 🚀 Lancement du scan Avahi (avahi-browse) pour réveil iPhone...
[22:53:48] [INFO] [STATUS][tunneld] scanning: Recherche iPhone (pymobiledevice)...
[22:53:58] [INFO] [mdns] 🚀 Lancement du scan Avahi (avahi-browse) pour réveil iPhone...
[22:53:58] [INFO] [STATUS][tunneld] scanning: Recherche iPhone (pymobiledevice)...
[22:54:01] [INFO] [pmd3] 🎯 Tunnel détecté : [fd5c:5067:517f::1]:61362
[22:54:01] [INFO] [orchestrator] 🎯 iPhone détecté via pymobiledevice (WiFi)
[22:54:01] [INFO] [gps-bridge] 🔌 Driver actif mis à jour : pymobiledevice
[22:54:01] [INFO] [STATUS][tunneld] ready: Connecté via WiFi (pymobiledevice)
[22:56:31] [INFO] [headless] 🛑 Signal SIGTERM reçu. Fermeture...
[22:56:36] [INFO] [mdns] 🚀 Lancement du scan Avahi (avahi-browse) pour réveil iPhone...
[22:56:37] [INFO] [cluster] 👑 Mode off détecté : Auto-promotion MAÎTRE.
[22:56:37] [INFO] [headless] 🚀 Démarrage du serveur en mode HEADLESS (V2)
[22:56:37] [INFO] [target] 🌐 Démarrage de la cible HEADLESS
[22:56:37] [INFO] [pymobiledevice] Montage automatique de l'image DDI...
[22:56:39] [INFO] [binary] ⚠️ Aucune version de Python valide trouvée. Tentative avec l'alias par défaut.
[22:56:39] [INFO] [pymobiledevice] Lancement du daemon tunneld (Mode Reconnect)...
[22:56:39] [INFO] [pmd3-daemon] spawn: python3 -u -m pymobiledevice3 remote tunneld
[22:56:39] [INFO] [STATUS][tunneld] scanning: Recherche iPhone (pymobiledevice)...
[22:56:39] [INFO] [bridge] 🔗 Attachement des routes WebBridge à l'application existante
[22:56:39] [INFO] [target] ✅ Cible Headless prête
[22:56:39] [INFO] [headless] ✅ Serveur prêt et dashboard actif.
[22:56:39] [INFO] [companion-server] Serveur (Socket.io) demarre sur 192.168.65.3:8080
[22:56:39] [INFO] [STATUS][companion] info: Prêt sur 192.168.65.3:8080
[22:56:42] [INFO] [pmd3] 🎯 Tunnel détecté : [fd8d:eabc:6b1d::1]:61364
[22:56:42] [INFO] [orchestrator] 🎯 iPhone détecté via pymobiledevice (WiFi)
[22:56:42] [INFO] [gps-bridge] 🔌 Driver actif mis à jour : pymobiledevice
[22:56:42] [INFO] [STATUS][tunneld] ready: Connecté via WiFi (pymobiledevice)
[23:01:16] [INFO] [headless] 🛑 Signal SIGTERM reçu. Fermeture...
[23:01:19] [INFO] [mdns] 🚀 Lancement du scan Avahi (avahi-browse) pour réveil iPhone...
[23:01:19] [INFO] [cluster] 👑 Mode off détecté : Auto-promotion MAÎTRE.
[23:01:19] [INFO] [headless] 🚀 Démarrage du serveur en mode HEADLESS (V2)
[23:01:19] [INFO] [target] 🌐 Démarrage de la cible HEADLESS
[23:01:19] [INFO] [pymobiledevice] Montage automatique de l'image DDI...
[23:01:20] [INFO] [binary] ⚠️ Aucune version de Python valide trouvée. Tentative avec l'alias par défaut.
[23:01:20] [INFO] [pymobiledevice] Lancement du daemon tunneld (Mode Reconnect)...
[23:01:20] [INFO] [pmd3-daemon] spawn: python3 -u -m pymobiledevice3 remote tunneld
[23:01:20] [INFO] [STATUS][tunneld] scanning: Recherche iPhone (pymobiledevice)...
[23:01:20] [INFO] [bridge] 🔗 Attachement des routes WebBridge à l'application existante
[23:01:20] [INFO] [target] ✅ Cible Headless prête
[23:01:20] [INFO] [headless] ✅ Serveur prêt et dashboard actif.
[23:01:20] [INFO] [companion-server] Serveur (Socket.io) demarre sur 192.168.65.3:8080
[23:01:20] [INFO] [STATUS][companion] info: Prêt sur 192.168.65.3:8080
[23:01:23] [INFO] [pmd3] 🎯 Tunnel détecté : [fd88:b6b0:50b1::1]:61365
[23:01:23] [INFO] [orchestrator] 🎯 iPhone détecté via pymobiledevice (WiFi)
[23:01:23] [INFO] [gps-bridge] 🔌 Driver actif mis à jour : pymobiledevice
[23:01:23] [INFO] [STATUS][tunneld] ready: Connecté via WiFi (pymobiledevice)
[23:05:24] [INFO] [headless] 🛑 Signal SIGTERM reçu. Fermeture...
[23:05:28] [INFO] [mdns] 🚀 Lancement du scan Avahi (avahi-browse) pour réveil iPhone...
[23:05:28] [INFO] [cluster] 👑 Mode off détecté : Auto-promotion MAÎTRE.
[23:05:28] [INFO] [headless] 🚀 Démarrage du serveur en mode HEADLESS (V2)
[23:05:28] [INFO] [target] 🌐 Démarrage de la cible HEADLESS
[23:05:28] [INFO] [pymobiledevice] Montage automatique de l'image DDI...
[23:05:30] [INFO] [binary] ⚠️ Aucune version de Python valide trouvée. Tentative avec l'alias par défaut.
[23:05:30] [INFO] [pymobiledevice] Lancement du daemon tunneld (Mode Reconnect)...
[23:05:30] [INFO] [pmd3-daemon] spawn: python3 -u -m pymobiledevice3 remote tunneld
[23:05:30] [INFO] [STATUS][tunneld] scanning: Recherche iPhone (pymobiledevice)...
[23:05:30] [INFO] [bridge] 🔗 Attachement des routes WebBridge à l'application existante
[23:05:30] [INFO] [target] ✅ Cible Headless prête
[23:05:30] [INFO] [headless] ✅ Serveur prêt et dashboard actif.
[23:05:30] [INFO] [companion-server] Serveur (Socket.io) demarre sur 192.168.65.3:8080
[23:05:30] [INFO] [STATUS][companion] info: Prêt sur 192.168.65.3:8080
[23:05:32] [INFO] [pmd3] 🎯 Tunnel détecté : [fdbd:e5f6:5203::1]:61366
[23:05:32] [INFO] [orchestrator] 🎯 iPhone détecté via pymobiledevice (WiFi)
[23:05:32] [INFO] [gps-bridge] 🔌 Driver actif mis à jour : pymobiledevice
[23:05:32] [INFO] [STATUS][tunneld] ready: Connecté via WiFi (pymobiledevice)
